[15:00:31] [Render thread/INFO] [JMLogger] JourneyMap log initialized.
[15:00:31] [Render thread/INFO] [JourneymapClient] initialize ENTER
[15:00:31] [Render thread/INFO] [ClientAPI] [ClientAPI] built with JourneyMap API 1.9-SNAPSHOT
[15:00:31] [Render thread/INFO] [PluginHelper] Initializing plugins with Client API: journeymap.client.api.impl.ClientAPI
[15:00:31] [Render thread/DEBUG] [JourneymapClient] Loading and Generating Journeymap configs
[15:00:32] [Render thread/WARN] [PropertiesBase] core (Initialized) Bad configField entry during updateFrom(): optionsManagerViewed=null
[15:00:32] [Render thread/INFO] [?] Version: JourneyMap 1.20.4-5.9.25, built with neoforge 20.4.200
neoforge: 20.4.223
Environment: os.name, os.arch, java.version, user.country, user.language=null, game language=en_us, locale=en_us
Features: 
	RadarPlayers : singleplayer = true , multiplayer = true
	RadarAnimals : singleplayer = true , multiplayer = true
	RadarMobs : singleplayer = true , multiplayer = true
	RadarVillagers : singleplayer = true , multiplayer = true
	MapTopo : singleplayer = true , multiplayer = true
	MapSurface : singleplayer = true , multiplayer = true
	MapCaves : singleplayer = true , multiplayer = true
	MapBiome : singleplayer = true , multiplayer = true
MiniMapProperties{state=Valid, file=journeymap.minimap.config, configVersion=5.9.25, zoomLevel=0, compassFontScale=1.0, terrainAlpha=100, showEntityNames=true, positionX=0.9, positionY=0.25, effectVertical=false, showPlayerHeading=true, sizePercent=30, playerDisplayScale=1.0, showDayNight=true, showPets=true, preferredMapType=day, showCompass=true, mobDisplay=jm.common.entity_display.dots, systemTimeRealFormat=HH:mm:ss, shape=jm.minimap.shape_circle, showSelf=true, selfDisplayScale=1.0, showGrid=true, reticleOrientation=jm.minimap.orientation.compass, gameTimeRealFormat=HH:mm:ss, effectTranslateX=-76, showWaypoints=true, minimapKeyMovementSpeed=0.001, showAnimals=true, infoSlotAlpha=0.7, effectTranslateY=0, showWaypointLabels=true, moveEffectIcons=true, position=jm.minimap.position_topright, fontScale=1.0, showPlayers=true, waypointIconScale=1.0, frameAlpha=100, effectReversed=false, backgroundAlpha=0.8, enabled=true, showVillagers=true, info2Label=jm.theme.labelsource.gametime, info3Label=jm.theme.labelsource.location, showMobs=true, waypointLabelScale=1.0, showReticle=true, orientation=jm.minimap.orientation.north, info4Label=jm.theme.labelsource.biome, locationFormat=xzyv, playerDisplay=jm.common.entity_display.dots, mobDisplayScale=1.0, showCaves=true, showMobHeading=true, locationFormatVerbose=true, info1Label=jm.theme.labelsource.blank}
MiniMapProperties{state=Valid, file=journeymap.minimap2.config, configVersion=5.9.25, zoomLevel=0, compassFontScale=1.0, terrainAlpha=100, showEntityNames=true, positionX=0.9, positionY=0.25, effectVertical=false, showPlayerHeading=true, sizePercent=30, playerDisplayScale=1.0, showDayNight=true, showPets=true, preferredMapType=day, showCompass=true, mobDisplay=jm.common.entity_display.dots, systemTimeRealFormat=HH:mm:ss, shape=jm.minimap.shape_rectangle, showSelf=true, selfDisplayScale=1.0, showGrid=true, reticleOrientation=jm.minimap.orientation.compass, gameTimeRealFormat=HH:mm:ss, effectTranslateX=0, showWaypoints=true, minimapKeyMovementSpeed=0.001, showAnimals=true, infoSlotAlpha=0.7, effectTranslateY=0, showWaypointLabels=true, moveEffectIcons=true, position=jm.minimap.position_topright, fontScale=1.0, showPlayers=true, waypointIconScale=1.0, frameAlpha=100, effectReversed=false, backgroundAlpha=0.8, enabled=true, showVillagers=true, info2Label=jm.theme.labelsource.gametime, info3Label=jm.theme.labelsource.location, showMobs=true, waypointLabelScale=1.0, showReticle=true, orientation=jm.minimap.orientation.north, info4Label=jm.theme.labelsource.biome, locationFormat=xzyv, playerDisplay=jm.common.entity_display.dots, mobDisplayScale=1.0, showCaves=true, showMobHeading=true, locationFormatVerbose=true, info1Label=jm.theme.labelsource.blank}
FullMapProperties{state=Valid, file=journeymap.fullmap.config, configVersion=5.9.25, zoomLevel=0, showPlayers=true, waypointIconScale=1.0, showEntityNames=true, showPlayerHeading=true, showVillagers=true, showPlayerLoc=true, showKeys=true, playerDisplayScale=1.0, showMobs=true, showPets=true, waypointLabelScale=1.0, preferredMapType=day, mobDisplay=jm.common.entity_display.dots, showSelf=true, locationFormat=xzyv, playerDisplay=jm.common.entity_display.dots, mobDisplayScale=1.0, selfDisplayScale=1.0, showGrid=true, showMouseLoc=true, showWaypoints=true, showCaves=true, showAnimals=true, showMobHeading=true, showWaypointLabels=true, locationFormatVerbose=true, fontScale=1.0}
WaypointProperties{state=Valid, file=journeymap.waypoint.config, configVersion=5.9.25, autoRemoveDeathpointDistance=2, dateFormat=MM-dd-yyyy, autoRemoveDeathpoints=false, fullscreenDoubleClickToCreate=true, managerDimensionFocus=false, minDistance=4, boldLabel=false, textureSmall=true, showDeathpointlabel=true, beaconEnabled=true, createDeathpoints=true, showName=true, disableStrikeThrough=false, maxDistance=0, autoHideLabel=true, autoRemoveTempWaypoints=2, teleportCommand=/tp {name} {x} {y} {z}, showStaticBeam=true, shaderBeacon=false, timeFormat=HH:mm:ss, showDeviationLabel=false, showDistance=true, showRotatingBeam=true, fontScale=2.0, showTexture=true, managerEnabled=true}
WebMapProperties{state=Valid, file=journeymap.webmap.config, configVersion=5.9.25, port=8080, enabled=false}
CoreProperties{state=Valid, file=journeymap.core.config, configVersion=5.9.25, verboseColorPalette=false, maxPlayersData=32, mapSurfaceAboveCaves=true, dataCachingEnabled=true, optionsManagerViewed=null, announceMod=true, colorPassive=#bbbbbb, mapBlendWater=false, renderDistanceSurfaceMax=0, seedId=false, radarVerticalDistance=16, mapBlendGrass=true, recordCacheStats=false, hideSneakingEntities=true, revealShape=jm.minimap.shape_circle, mapBiome=true, alwaysMapSurface=false, colorVillager=#88e188, mapPlants=false, colorPet=#0077ff, radarLateralDistance=64, mapBathymetry=false, mapCrops=true, maxMobsData=32, mapPlantShadows=false, alwaysMapCaves=false, checkUpdates=true, mapBlendFoliage=true, hideSpectators=false, mappingEnabled=true, colorPlayer=#ffffff, tileHighDisplayQuality=true, cacheVillagersData=2200, logLevel=INFO, maxVillagersData=32, mapWaterBiomeColors=false, maxAnimalsData=32, mapTransparency=true, caveBlackAsClear=false, tileRenderType=1, caveIgnoreGlass=true, mapTopography=true, renderDistanceCaveMax=0, mapAntialiasing=true, colorSelf=#0000ff, cachePlayersData=2000, cacheMobsData=3000, cachePlayerData=1000, splashViewed=5.9.25, colorHostile=#ff0000, cacheAnimalsData=3100, themeName=OceanMonument, mapCaveLighting=true, renderDelay=2, glErrorChecking=false, autoMapPoll=2000}
[15:00:32] [Render thread/DEBUG] [ForgeEventHandlerManager] Handler registered: journeymap.client.event.forge.ForgeKeyEvents
[15:00:32] [Render thread/DEBUG] [ForgeEventHandlerManager] Handler registered: journeymap.client.event.forge.ForgeChatEvents
[15:00:32] [Render thread/DEBUG] [ForgeEventHandlerManager] Handler registered: journeymap.client.event.forge.ForgeHudOverlayEvents
[15:00:32] [Render thread/DEBUG] [ForgeEventHandlerManager] Handler registered: journeymap.client.event.forge.ForgeWorldEvent
[15:00:32] [Render thread/DEBUG] [ForgeEventHandlerManager] Handler registered: journeymap.client.event.forge.ForgeChunkEvents
[15:00:32] [Render thread/DEBUG] [ForgeEventHandlerManager] Handler registered: journeymap.client.event.forge.ForgeClientTickEvent
[15:00:32] [Render thread/DEBUG] [ForgeEventHandlerManager] Handler registered: journeymap.client.event.forge.ForgeRenderLevelLastEvent
[15:00:32] [Render thread/DEBUG] [ForgeEventHandlerManager] Handler registered: journeymap.client.event.forge.ForgeLoggedInEvent
[15:00:32] [Render thread/ERROR] [ForgeEventHandlerManager] journeymap.client.event.forge.ForgeTextureStitchedEvent registration FAILED: java.lang.IllegalArgumentException: Method public void journeymap.client.event.forge.ForgeTextureStitchedEvent.onTextureStitched(net.neoforged.neoforge.client.event.TextureAtlasStitchedEvent) has @SubscribeEvent annotation, but takes an argument that is not valid for this busclass net.neoforged.neoforge.client.event.TextureAtlasStitchedEvent
	at MC-BOOTSTRAP/net.neoforged.bus/net.neoforged.bus.EventBus.registerListener(EventBus.java:164)
	at MC-BOOTSTRAP/net.neoforged.bus/net.neoforged.bus.EventBus.register(EventBus.java:91)
	at TRANSFORMER/journeymap@5.9.25/journeymap.client.event.forge.ForgeEventHandlerManager.register(ForgeEventHandlerManager.java:77)
	at TRANSFORMER/journeymap@5.9.25/journeymap.client.event.forge.ForgeEventHandlerManager.registerHandlers(ForgeEventHandlerManager.java:46)
	at TRANSFORMER/journeymap@5.9.25/journeymap.client.JourneymapClient.init(JourneymapClient.java:194)
	at TRANSFORMER/journeymap@5.9.25/journeymap.client.JourneymapClient.lambda$clientSetupEvent$0(JourneymapClient.java:147)
	at java.base/java.util.concurrent.CompletableFuture$AsyncRun.run(CompletableFuture.java:1804)
	at MC-BOOTSTRAP/fml_loader@2.0.17/net.neoforged.fml.DeferredWorkQueue.lambda$makeRunnable$2(DeferredWorkQueue.java:81)
	at MC-BOOTSTRAP/fml_loader@2.0.17/net.neoforged.fml.DeferredWorkQueue.makeRunnable(DeferredWorkQueue.java:76)
	at MC-BOOTSTRAP/fml_loader@2.0.17/net.neoforged.fml.DeferredWorkQueue.lambda$runTasks$0(DeferredWorkQueue.java:60)
	at java.base/java.util.concurrent.ConcurrentLinkedDeque.forEach(ConcurrentLinkedDeque.java:1650)
	at MC-BOOTSTRAP/fml_loader@2.0.17/net.neoforged.fml.DeferredWorkQueue.runTasks(DeferredWorkQueue.java:60)
	at MC-BOOTSTRAP/fml_loader@2.0.17/net.neoforged.fml.core.ParallelTransition.lambda$finalActivityGenerator$2(ParallelTransition.java:35)
	at java.base/java.util.concurrent.CompletableFuture$UniApply.tryFire(CompletableFuture.java:646)
	at java.base/java.util.concurrent.CompletableFuture$Completion.run(CompletableFuture.java:482)
	at TRANSFORMER/minecraft@1.20.4/net.minecraft.server.packs.resources.SimpleReloadInstance.lambda$new$3(SimpleReloadInstance.java:79)
	at TRANSFORMER/minecraft@1.20.4/net.minecraft.util.thread.BlockableEventLoop.doRunTask(BlockableEventLoop.java:146)
	at TRANSFORMER/minecraft@1.20.4/net.minecraft.util.thread.ReentrantBlockableEventLoop.doRunTask(ReentrantBlockableEventLoop.java:24)
	at TRANSFORMER/minecraft@1.20.4/net.minecraft.util.thread.BlockableEventLoop.pollTask(BlockableEventLoop.java:120)
	at TRANSFORMER/minecraft@1.20.4/net.minecraft.util.thread.BlockableEventLoop.runAllTasks(BlockableEventLoop.java:109)
	at TRANSFORMER/minecraft@1.20.4/net.minecraft.client.Minecraft.runTick(Minecraft.java:1223)
	at TRANSFORMER/minecraft@1.20.4/net.minecraft.client.Minecraft.run(Minecraft.java:818)
	at TRANSFORMER/minecraft@1.20.4/net.minecraft.client.main.Main.main(Main.java:244)
	at java.base/jdk.internal.reflect.NativeMethodAccessorImpl.invoke0(Native Method)
	at java.base/jdk.internal.reflect.NativeMethodAccessorImpl.invoke(NativeMethodAccessorImpl.java:77)
	at java.base/jdk.internal.reflect.DelegatingMethodAccessorImpl.invoke(DelegatingMethodAccessorImpl.java:43)
	at java.base/java.lang.reflect.Method.invoke(Method.java:568)
	at MC-BOOTSTRAP/fml_loader@2.0.17/net.neoforged.fml.loading.targets.CommonLaunchHandler.runTarget(CommonLaunchHandler.java:136)
	at MC-BOOTSTRAP/fml_loader@2.0.17/net.neoforged.fml.loading.targets.CommonLaunchHandler.clientService(CommonLaunchHandler.java:124)
	at MC-BOOTSTRAP/fml_loader@2.0.17/net.neoforged.fml.loading.targets.ForgeClientUserdevLaunchHandler.runService(ForgeClientUserdevLaunchHandler.java:19)
	at MC-BOOTSTRAP/fml_loader@2.0.17/net.neoforged.fml.loading.targets.CommonLaunchHandler.lambda$launchService$4(CommonLaunchHandler.java:118)
	at MC-BOOTSTRAP/cpw.mods.modlauncher@10.0.9/cpw.mods.modlauncher.LaunchServiceHandlerDecorator.launch(LaunchServiceHandlerDecorator.java:30)
	at MC-BOOTSTRAP/cpw.mods.modlauncher@10.0.9/cpw.mods.modlauncher.LaunchServiceHandler.launch(LaunchServiceHandler.java:53)
	at MC-BOOTSTRAP/cpw.mods.modlauncher@10.0.9/cpw.mods.modlauncher.LaunchServiceHandler.launch(LaunchServiceHandler.java:71)
	at MC-BOOTSTRAP/cpw.mods.modlauncher@10.0.9/cpw.mods.modlauncher.Launcher.run(Launcher.java:108)
	at MC-BOOTSTRAP/cpw.mods.modlauncher@10.0.9/cpw.mods.modlauncher.Launcher.main(Launcher.java:78)
	at MC-BOOTSTRAP/cpw.mods.modlauncher@10.0.9/cpw.mods.modlauncher.BootstrapLaunchConsumer.accept(BootstrapLaunchConsumer.java:26)
	at MC-BOOTSTRAP/cpw.mods.modlauncher@10.0.9/cpw.mods.modlauncher.BootstrapLaunchConsumer.accept(BootstrapLaunchConsumer.java:23)
	at cpw.mods.bootstraplauncher@1.1.2/cpw.mods.bootstraplauncher.BootstrapLauncher.main(BootstrapLauncher.java:141)
Caused by: java.lang.IllegalArgumentException: IModBusEvent events are not allowed on the common NeoForge bus! Use a mod bus instead.
	at TRANSFORMER/neoforge@20.4.223/net.neoforged.neoforge.common.NeoForge.lambda$static$0(NeoForge.java:19)
	at MC-BOOTSTRAP/net.neoforged.bus/net.neoforged.bus.EventBus.registerListener(EventBus.java:162)
	... 38 more

[15:00:32] [Render thread/DEBUG] [ForgeEventHandlerManager] Handler registered: journeymap.client.event.forge.ForgePopupCustomEvents
[15:00:32] [Render thread/INFO] [JourneymapClient] initialize EXIT, elapsed count 1 avg 265ms
[15:00:32] [Render thread/INFO] [JourneymapClient] Journeymap PostInit
[15:00:32] [Render thread/DEBUG] [JourneymapClient] postInitialize ENTER
[15:00:32] [Render thread/TRACE] [ThemeLoader] Initializing themes ...
[15:00:33] [Render thread/INFO] [ThemeLoader] Preloaded theme textures: 73
[15:00:33] [Render thread/INFO] [JourneymapClient] postInitialize EXIT, elapsed count 1 avg 206.26ms
[15:00:34] [JM-VersionCheck-1/ERROR] [VersionCheck] Could not parse download info: 5.9.25
java.lang.NullPointerException: Cannot invoke "com.google.gson.JsonElement.getAsString()" because the return value of "com.google.gson.JsonObject.get(String)" is null
	at journeymap.common.version.VersionCheck.lambda$checkVersion$0(VersionCheck.java:151) ~[journeymap-32274-5272831.jar%23198!/:1.20.4-5.9.25]
	at java.util.concurrent.Executors$RunnableAdapter.call(Executors.java:539) ~[?:?]
	at java.util.concurrent.FutureTask.run(FutureTask.java:264) ~[?:?]
	at java.util.concurrent.ThreadPoolExecutor.runWorker(ThreadPoolExecutor.java:1136) ~[?:?]
	at java.util.concurrent.ThreadPoolExecutor$Worker.run(ThreadPoolExecutor.java:635) ~[?:?]
	at java.lang.Thread.run(Thread.java:840) ~[?:?]
[15:00:45] [Server thread/INFO] [ForgeConfig] Loading JourneyMap Forge Configs
[15:00:48] [Render thread/INFO] [ChatLog] JourneyMap: Press [J]
[15:00:48] [Render thread/WARN] [PropertiesBase] core (Initialized) Bad configField entry during updateFrom(): optionsManagerViewed=null
[15:00:48] [Render thread/INFO] [WaypointStore] Loaded 1 waypoints from .\journeymap\data\sp\New World\waypoints
[15:00:48] [Render thread/INFO] [JourneymapClient] Mapping started in .\journeymap\data\sp\New World\overworld. Memory: 2296MB total, 1707MB free 
[15:02:25] [Render thread/INFO] [JourneymapClient] Mapping halted in .\journeymap\data\mp\offline\minecraft:overworld
[15:02:26] [Server thread/INFO] [ForgeConfig] Loading JourneyMap Forge Configs
