[23:28:34.809][INFO][CraftTweaker-EarlyInit]: CraftTweaker is running on a Minecraft 1.20.1 development client modded with platform Forge
[23:28:34.831][INFO][CraftTweaker-EarlyInit]: Successfully injected RecipeFS file system
[23:28:34.905][INFO][CraftTweaker-Plugins]: Successfully identified and loaded plugin crafttweaker:builtin
[23:28:34.908][INFO][CraftTweaker-Plugins]: Successfully identified and loaded plugin crafttweaker:builtin_forge
[23:28:34.910][INFO][CraftTweaker-Plugins]: Successfully identified and loaded plugin mekanism:crt_plugin
[23:28:35.674][INFO][CraftTweaker]: The following mods have explicit CraftTweaker support through the default plugin:
[23:28:35.675][INFO][CraftTweaker]: - 'crafttweaker' at version '14.0.17'
[23:28:35.675][INFO][CraftTweaker]: - 'mekanism' at version '10.4.5'
[23:28:37.204][INFO][CraftTweaker-ZenCode]: Started loading scripts for loader 'mekanismcontent'
[23:28:37.480][INFO][CraftTweaker-ZenCode]: Compiling and executing scripts
[23:28:38.052][INFO][CraftTweaker-ZenCode]: Successfully initialized modules [mods, crafttweaker, expansions]
[23:28:38.139][INFO][CraftTweaker-ZenCode]: Execution for loader 'mekanismcontent' completed successfully
[23:28:38.139][INFO][Mekanism]: Registering 0 custom gases.
[23:28:38.140][INFO][Mekanism]: Registering 0 custom infuse types.
[23:28:38.144][INFO][Mekanism]: Registering 0 custom pigments.
[23:28:38.145][INFO][Mekanism]: Registering 0 custom slurries.
[23:28:38.904][INFO][CraftTweaker-ZenCode]: Started loading scripts for loader 'initialize'
[23:28:38.931][INFO][CraftTweaker-ZenCode]: Compiling and executing scripts
[23:28:38.932][INFO][CraftTweaker-ZenCode]: Successfully initialized modules [crafttweaker, expansions]
[23:28:38.948][INFO][CraftTweaker-ZenCode]: Execution for loader 'initialize' completed successfully
[23:29:17.137][INFO][CraftTweaker-ZenCode]: Started loading scripts for loader 'tags'
[23:29:17.164][INFO][CraftTweaker-ZenCode]: Compiling and executing scripts
[23:29:17.167][INFO][CraftTweaker-ZenCode]: Successfully initialized modules [crafttweaker, expansions]
[23:29:17.176][INFO][CraftTweaker-ZenCode]: Execution for loader 'tags' completed successfully
[23:29:17.388][INFO][CraftTweaker]: CraftTweaker reload starting!
[23:29:17.391][INFO][CraftTweaker-ZenCode]: Started loading scripts for loader 'crafttweaker'
[23:29:17.407][INFO][CraftTweaker-ZenCode]: Compiling and executing scripts
[23:29:17.513][INFO][CraftTweaker-ZenCode]: Successfully initialized modules [mods, crafttweaker, expansions]
[23:29:17.521][INFO][CraftTweaker-ZenCode]: Execution for loader 'crafttweaker' completed successfully
[23:29:17.523][INFO][CraftTweaker]: CraftTweaker reload complete!
