[22Dec2023 14:37:06.589] [main/INFO] [cpw.mods.modlauncher.Launcher/MODLAUNCHER]: ModLauncher running: args [--launchTarget, forgeclientuserdev, --version, MOD_DEV, --assetIndex, 5, --assetsDir, C:\Users\killi\.mcreator\gradle\caches\forge_gradle\assets, --gameDir, ., --fml.forgeVersion, 47.1.0, --fml.mcVersion, 1.20.1, --fml.forgeGroup, net.minecraftforge, --fml.mcpVersion, 20230612.114412]
[22Dec2023 14:37:06.593] [main/INFO] [cpw.mods.modlauncher.Launcher/MODLAUNCHER]: ModLauncher 10.0.9+10.0.9+main.dcd20f30 starting: java version 17.0.7 by Eclipse Adoptium; OS Windows 11 arch amd64 version 10.0
[22Dec2023 14:37:06.619] [main/DEBUG] [cpw.mods.modlauncher.LaunchServiceHandler/MODLAUNCHER]: Found launch services [fmlclientdev,forgeclient,minecraft,forgegametestserverdev,fmlserveruserdev,fmlclient,fmldatauserdev,forgeserverdev,forgeserveruserdev,forgeclientdev,forgeclientuserdev,forgeserver,forgedatadev,fmlserver,fmlclientuserdev,fmlserverdev,forgedatauserdev,testharness,forgegametestserveruserdev]
[22Dec2023 14:37:06.639] [main/DEBUG] [cpw.mods.modlauncher.NameMappingServiceHandler/MODLAUNCHER]: Found naming services : [srgtomcp]
[22Dec2023 14:37:06.656] [main/DEBUG] [cpw.mods.modlauncher.LaunchPluginHandler/MODLAUNCHER]: Found launch plugins: [mixin,eventbus,slf4jfixer,object_holder_definalize,runtime_enum_extender,capability_token_subclass,accesstransformer,runtimedistcleaner]
[22Dec2023 14:37:06.668] [main/DEBUG] [cpw.mods.modlauncher.TransformationServicesHandler/MODLAUNCHER]: Discovering transformation services
[22Dec2023 14:37:06.674] [main/DEBUG] [net.minecraftforge.fml.loading.FMLPaths/CORE]: Path GAMEDIR is C:\Users\killi\Desktop\Dev\Erinium-Adventure-mods\Automation\run
[22Dec2023 14:37:06.676] [main/DEBUG] [net.minecraftforge.fml.loading.FMLPaths/CORE]: Path MODSDIR is C:\Users\killi\Desktop\Dev\Erinium-Adventure-mods\Automation\run\mods
[22Dec2023 14:37:06.676] [main/DEBUG] [net.minecraftforge.fml.loading.FMLPaths/CORE]: Path CONFIGDIR is C:\Users\killi\Desktop\Dev\Erinium-Adventure-mods\Automation\run\config
[22Dec2023 14:37:06.676] [main/DEBUG] [net.minecraftforge.fml.loading.FMLPaths/CORE]: Path FMLCONFIG is C:\Users\killi\Desktop\Dev\Erinium-Adventure-mods\Automation\run\config\fml.toml
[22Dec2023 14:37:06.702] [main/WARN] [net.minecraftforge.fml.loading.FMLConfig/CORE]: Configuration file C:\Users\killi\Desktop\Dev\Erinium-Adventure-mods\Automation\run\config\fml.toml is not correct. Correcting
[22Dec2023 14:37:06.703] [main/INFO] [net.minecraftforge.fml.loading.FMLConfig/CORE]: Incorrect key [splashscreen] was corrected from false to null
[22Dec2023 14:37:06.713] [main/DEBUG] [cpw.mods.modlauncher.TransformationServicesHandler/MODLAUNCHER]: Found additional transformation services from discovery services: 
[22Dec2023 14:37:06.720] [main/INFO] [net.minecraftforge.fml.loading.ImmediateWindowHandler/]: Loading ImmediateWindowProvider fmlearlywindow
[22Dec2023 14:37:06.848] [main/INFO] [EARLYDISPLAY/]: Trying GL version 4.6
[22Dec2023 14:37:06.862] [main/INFO] [EARLYDISPLAY/]: Trying GL version 4.5
[22Dec2023 14:37:06.865] [main/INFO] [EARLYDISPLAY/]: Trying GL version 4.4
[22Dec2023 14:37:06.868] [main/INFO] [EARLYDISPLAY/]: Trying GL version 4.3
[22Dec2023 14:37:06.871] [main/INFO] [EARLYDISPLAY/]: Trying GL version 4.2
[22Dec2023 14:37:06.873] [main/INFO] [EARLYDISPLAY/]: Trying GL version 4.1
[22Dec2023 14:37:06.876] [main/INFO] [EARLYDISPLAY/]: Trying GL version 4.0
[22Dec2023 14:37:06.878] [main/INFO] [EARLYDISPLAY/]: Trying GL version 3.3
[22Dec2023 14:37:06.880] [main/INFO] [EARLYDISPLAY/]: Trying GL version 3.2
[22Dec2023 14:37:06.883] [main/ERROR] [EARLYDISPLAY/]: Failed to find any valid GLFW profile. Trying 4.6: GLFW error: [0x10006]WGL: The driver does not appear to support OpenGL
[22Dec2023 14:37:06.886] [main/ERROR] [EARLYDISPLAY/]: ERROR DISPLAY
Failed to initialize graphics window with current settings.


Failure details:
Failed to find a valid GLFW profile.
We tried 4.6, 4.5, 4.4, 4.3, 4.2, 4.1, 4.0, 3.3, 3.2 but none of them worked.
Trying 4.6: GLFW error: [0x10006]WGL: The driver does not appear to support OpenGL
Trying 4.5: GLFW error: [0x10006]WGL: The driver does not appear to support OpenGL
Trying 4.4: GLFW error: [0x10006]WGL: The driver does not appear to support OpenGL
Trying 4.3: GLFW error: [0x10006]WGL: The driver does not appear to support OpenGL
Trying 4.2: GLFW error: [0x10006]WGL: The driver does not appear to support OpenGL
Trying 4.1: GLFW error: [0x10006]WGL: The driver does not appear to support OpenGL
Trying 4.0: GLFW error: [0x10006]WGL: The driver does not appear to support OpenGL
Trying 3.3: GLFW error: [0x10006]WGL: The driver does not appear to support OpenGL
Trying 3.2: GLFW error: [0x10006]WGL: The driver does not appear to support OpenGL

If you click yes, we will try and open https://links.minecraftforge.net/early-display-errors in your default browser
